

Version:	3.14
CmdLine:	C:\Users\admin\Documents\NetBeansProjects\POS\POS(Demo).exe --l4j-debug
WOW64:		yes
Working dir:	C:\Users\admin\Documents\NetBeansProjects\POS\.
Java min ver:	1.001.000
Java max ver:	1.003.005
64-bit search:	SOFTWARE\JavaSoft\Java Runtime Environment...
32-bit search:	SOFTWARE\JavaSoft\Java Runtime Environment...
64-bit search:	SOFTWARE\JavaSoft\Java Development Kit...
32-bit search:	SOFTWARE\JavaSoft\Java Development Kit...
64-bit search:	SOFTWARE\JavaSoft\JRE...
32-bit search:	SOFTWARE\JavaSoft\JRE...
64-bit search:	SOFTWARE\JavaSoft\JDK...
Check:		SOFTWARE\JavaSoft\JDK\11.0.11
Ignore:		1.011.000_011
32-bit search:	SOFTWARE\JavaSoft\JDK...
64-bit search:	SOFTWARE\IBM\Java Runtime Environment...
32-bit search:	SOFTWARE\IBM\Java Runtime Environment...
64-bit search:	SOFTWARE\IBM\Java Development Kit...
32-bit search:	SOFTWARE\IBM\Java Development Kit...
64-bit search:	SOFTWARE\IBM\Java2 Runtime Environment...
32-bit search:	SOFTWARE\IBM\Java2 Runtime Environment...
64-bit search:	SOFTWARE\IBM\Java Development Kit...
32-bit search:	SOFTWARE\IBM\Java Development Kit...
Error msg:	This application requires a Java Runtime Environment 1.1 - 3.5
Open URL:	http://java.com/download


Version:	3.14
CmdLine:	C:\Users\admin\Documents\NetBeansProjects\POS\POS(Demo).exe --l4j-debug
WOW64:		yes
Working dir:	C:\Users\admin\Documents\NetBeansProjects\POS\.
Java min ver:	1.001.000
Java max ver:	1.003.005
64-bit search:	SOFTWARE\JavaSoft\Java Runtime Environment...
32-bit search:	SOFTWARE\JavaSoft\Java Runtime Environment...
64-bit search:	SOFTWARE\JavaSoft\Java Development Kit...
32-bit search:	SOFTWARE\JavaSoft\Java Development Kit...
64-bit search:	SOFTWARE\JavaSoft\JRE...
32-bit search:	SOFTWARE\JavaSoft\JRE...
64-bit search:	SOFTWARE\JavaSoft\JDK...
Check:		SOFTWARE\JavaSoft\JDK\11.0.11
Ignore:		1.011.000_011
32-bit search:	SOFTWARE\JavaSoft\JDK...
64-bit search:	SOFTWARE\IBM\Java Runtime Environment...
32-bit search:	SOFTWARE\IBM\Java Runtime Environment...
64-bit search:	SOFTWARE\IBM\Java Development Kit...
32-bit search:	SOFTWARE\IBM\Java Development Kit...
64-bit search:	SOFTWARE\IBM\Java2 Runtime Environment...
32-bit search:	SOFTWARE\IBM\Java2 Runtime Environment...
64-bit search:	SOFTWARE\IBM\Java Development Kit...
32-bit search:	SOFTWARE\IBM\Java Development Kit...
Error msg:	This application requires a Java Runtime Environment 1.1 - 3.5
Open URL:	http://java.com/download


Version:	3.14
CmdLine:	C:\Users\admin\Documents\NetBeansProjects\POS\POS(Demo).exe --l4j-debug
WOW64:		yes
Working dir:	C:\Users\admin\Documents\NetBeansProjects\POS\.
Java min ver:	1.001.000
Java max ver:	1.003.005
64-bit search:	SOFTWARE\JavaSoft\Java Runtime Environment...
32-bit search:	SOFTWARE\JavaSoft\Java Runtime Environment...
64-bit search:	SOFTWARE\JavaSoft\Java Development Kit...
32-bit search:	SOFTWARE\JavaSoft\Java Development Kit...
64-bit search:	SOFTWARE\JavaSoft\JRE...
32-bit search:	SOFTWARE\JavaSoft\JRE...
64-bit search:	SOFTWARE\JavaSoft\JDK...
Check:		SOFTWARE\JavaSoft\JDK\11.0.11
Ignore:		1.011.000_011
32-bit search:	SOFTWARE\JavaSoft\JDK...
64-bit search:	SOFTWARE\IBM\Java Runtime Environment...
32-bit search:	SOFTWARE\IBM\Java Runtime Environment...
64-bit search:	SOFTWARE\IBM\Java Development Kit...
32-bit search:	SOFTWARE\IBM\Java Development Kit...
64-bit search:	SOFTWARE\IBM\Java2 Runtime Environment...
32-bit search:	SOFTWARE\IBM\Java2 Runtime Environment...
64-bit search:	SOFTWARE\IBM\Java Development Kit...
32-bit search:	SOFTWARE\IBM\Java Development Kit...
Error msg:	This application requires a Java Runtime Environment 1.1 - 3.5
Open URL:	http://java.com/download


Version:	3.14
CmdLine:	C:\Users\admin\Documents\NetBeansProjects\POS\POS(Demo).exe --l4j-debug
WOW64:		yes
Working dir:	C:\Users\admin\Documents\NetBeansProjects\POS\.
Java min ver:	1.003.005
Java max ver:	1.011.000
64-bit search:	SOFTWARE\JavaSoft\Java Runtime Environment...
32-bit search:	SOFTWARE\JavaSoft\Java Runtime Environment...
64-bit search:	SOFTWARE\JavaSoft\Java Development Kit...
32-bit search:	SOFTWARE\JavaSoft\Java Development Kit...
64-bit search:	SOFTWARE\JavaSoft\JRE...
32-bit search:	SOFTWARE\JavaSoft\JRE...
64-bit search:	SOFTWARE\JavaSoft\JDK...
Check:		SOFTWARE\JavaSoft\JDK\11.0.11
Ignore:		1.011.000_011
32-bit search:	SOFTWARE\JavaSoft\JDK...
64-bit search:	SOFTWARE\IBM\Java Runtime Environment...
32-bit search:	SOFTWARE\IBM\Java Runtime Environment...
64-bit search:	SOFTWARE\IBM\Java Development Kit...
32-bit search:	SOFTWARE\IBM\Java Development Kit...
64-bit search:	SOFTWARE\IBM\Java2 Runtime Environment...
32-bit search:	SOFTWARE\IBM\Java2 Runtime Environment...
64-bit search:	SOFTWARE\IBM\Java Development Kit...
32-bit search:	SOFTWARE\IBM\Java Development Kit...
Error msg:	This application requires a Java Runtime Environment 3.5 - 11
Open URL:	http://java.com/download


Version:	3.14
CmdLine:	C:\Users\admin\Documents\NetBeansProjects\POS\POS(Demo).exe --l4j-debug
WOW64:		yes
Working dir:	C:\Users\admin\Documents\NetBeansProjects\POS\.
Java min ver:	1.003.005
Java max ver:	1.011.000
64-bit search:	SOFTWARE\JavaSoft\Java Runtime Environment...
32-bit search:	SOFTWARE\JavaSoft\Java Runtime Environment...
64-bit search:	SOFTWARE\JavaSoft\Java Development Kit...
32-bit search:	SOFTWARE\JavaSoft\Java Development Kit...
64-bit search:	SOFTWARE\JavaSoft\JRE...
32-bit search:	SOFTWARE\JavaSoft\JRE...
64-bit search:	SOFTWARE\JavaSoft\JDK...
Check:		SOFTWARE\JavaSoft\JDK\11.0.11
Ignore:		1.011.000_011
32-bit search:	SOFTWARE\JavaSoft\JDK...
64-bit search:	SOFTWARE\IBM\Java Runtime Environment...
32-bit search:	SOFTWARE\IBM\Java Runtime Environment...
64-bit search:	SOFTWARE\IBM\Java Development Kit...
32-bit search:	SOFTWARE\IBM\Java Development Kit...
64-bit search:	SOFTWARE\IBM\Java2 Runtime Environment...
32-bit search:	SOFTWARE\IBM\Java2 Runtime Environment...
64-bit search:	SOFTWARE\IBM\Java Development Kit...
32-bit search:	SOFTWARE\IBM\Java Development Kit...
Error msg:	This application requires a Java Runtime Environment 3.5 - 11
Open URL:	http://java.com/download


Version:	3.14
CmdLine:	C:\Users\admin\Documents\NetBeansProjects\POS\POS(Demo).exe --l4j-debug
WOW64:		yes
Working dir:	C:\Users\admin\Documents\NetBeansProjects\POS\.
Java min ver:	1.011.000_011
Java max ver:	1.012.000
64-bit search:	SOFTWARE\JavaSoft\Java Runtime Environment...
32-bit search:	SOFTWARE\JavaSoft\Java Runtime Environment...
64-bit search:	SOFTWARE\JavaSoft\Java Development Kit...
32-bit search:	SOFTWARE\JavaSoft\Java Development Kit...
64-bit search:	SOFTWARE\JavaSoft\JRE...
32-bit search:	SOFTWARE\JavaSoft\JRE...
64-bit search:	SOFTWARE\JavaSoft\JDK...
Check:		SOFTWARE\JavaSoft\JDK\11.0.11
Check launcher:	C:\Program Files\Java\jdk-11.0.11\bin\javaw.exe (OK)
Match:		1.011.000_011
Runtime used:	1.011.000_011 (64-bit)
Launcher:	C:\Program Files\Java\jdk-11.0.11\bin\javaw.exe
Launcher args:	-jar "C:\Users\admin\Documents\NetBeansProjects\POS\POS(Demo).exe"
Args length:	66/32768 chars
Exit code:	0


Version:	3.14
CmdLine:	C:\Users\admin\Documents\NetBeansProjects\POS\POS(Demo).exe --l4j-debug
WOW64:		yes
Working dir:	C:\Users\admin\Documents\NetBeansProjects\POS\.
Java min ver:	1.011.000_011
Java max ver:	1.012.000
64-bit search:	SOFTWARE\JavaSoft\Java Runtime Environment...
32-bit search:	SOFTWARE\JavaSoft\Java Runtime Environment...
64-bit search:	SOFTWARE\JavaSoft\Java Development Kit...
32-bit search:	SOFTWARE\JavaSoft\Java Development Kit...
64-bit search:	SOFTWARE\JavaSoft\JRE...
32-bit search:	SOFTWARE\JavaSoft\JRE...
64-bit search:	SOFTWARE\JavaSoft\JDK...
Check:		SOFTWARE\JavaSoft\JDK\11.0.11
Check launcher:	C:\Program Files\Java\jdk-11.0.11\bin\javaw.exe (OK)
Match:		1.011.000_011
Runtime used:	1.011.000_011 (64-bit)
Launcher:	C:\Program Files\Java\jdk-11.0.11\bin\javaw.exe
Launcher args:	-jar "C:\Users\admin\Documents\NetBeansProjects\POS\POS(Demo).exe"
Args length:	66/32768 chars
Exit code:	0
